<?xml version="1.0" encoding="UTF-8"?>
<!-- Generated by org.testng.reporters.JUnitReportReporter -->
<testsuite hostname="LAPTOP-9E66PN5I" failures="1" tests="1" name="testNG.Assertionspractice" time="20.871" errors="0" timestamp="2025-03-04T15:24:22 IST" skipped="0">
  <testcase classname="testNG.Assertionspractice" name="TestGoogle" time="20.871">
    <failure message="expected [HYR Tutorials - Google Searchhh] but found [https://www.google.com/search?q=HYR+Tutorials&amp;sca_esv=51cd3bda8caa831c&amp;source=hp&amp;ei=xM3GZ7rqF52v0-kPtevOkQw&amp;iflsig=ACkRmUkAAAAAZ8bb1HIBf3I6DdihD0-QH_3_xjShqWWL&amp;ved=0ahUKEwi63IeKlPCLAxWd1zQHHbW1M8IQ4dUDCBA&amp;uact=5&amp;oq=HYR+Tutorials&amp;gs_lp=Egdnd3Mtd2l6Ig1IWVIgVHV0b3JpYWxzSKkBUABYngFwAHgAkAEAmAEAoAEAqgEAuAEDyAEA-AEBmAIAoAIAmAMAkgcAoAcA&amp;sclient=gws-wiz&amp;sei=yc3GZ77LEfiY4-EP2d-d-AU]" type="java.lang.AssertionError">
      <![CDATA[java.lang.AssertionError: expected [HYR Tutorials - Google Searchhh] but found [https://www.google.com/search?q=HYR+Tutorials&sca_esv=51cd3bda8caa831c&source=hp&ei=xM3GZ7rqF52v0-kPtevOkQw&iflsig=ACkRmUkAAAAAZ8bb1HIBf3I6DdihD0-QH_3_xjShqWWL&ved=0ahUKEwi63IeKlPCLAxWd1zQHHbW1M8IQ4dUDCBA&uact=5&oq=HYR+Tutorials&gs_lp=Egdnd3Mtd2l6Ig1IWVIgVHV0b3JpYWxzSKkBUABYngFwAHgAkAEAmAEAoAEAqgEAuAEDyAEA-AEBmAIAoAIAmAMAkgcAoAcA&sclient=gws-wiz&sei=yc3GZ77LEfiY4-EP2d-d-AU]
at org.testng.Assert.fail(Assert.java:99)
at org.testng.Assert.failNotEquals(Assert.java:1037)
at org.testng.Assert.assertEqualsImpl(Assert.java:140)
at org.testng.Assert.assertEquals(Assert.java:122)
at org.testng.Assert.assertEquals(Assert.java:629)
at org.testng.Assert.assertEquals(Assert.java:639)
at testNG.Assertionspractice.TestGoogle(Assertionspractice.java:20)
at java.base/jdk.internal.reflect.DirectMethodHandleAccessor.invoke(DirectMethodHandleAccessor.java:103)
at java.base/java.lang.reflect.Method.invoke(Method.java:580)
at org.testng.internal.MethodInvocationHelper.invokeMethod(MethodInvocationHelper.java:133)
at org.testng.internal.TestInvoker.invokeMethod(TestInvoker.java:598)
at org.testng.internal.TestInvoker.invokeTestMethod(TestInvoker.java:173)
at org.testng.internal.MethodRunner.runInSequence(MethodRunner.java:46)
at org.testng.internal.TestInvoker$MethodInvocationAgent.invoke(TestInvoker.java:824)
at org.testng.internal.TestInvoker.invokeTestMethods(TestInvoker.java:146)
at org.testng.internal.TestMethodWorker.invokeTestMethods(TestMethodWorker.java:146)
at org.testng.internal.TestMethodWorker.run(TestMethodWorker.java:128)
at java.base/java.util.ArrayList.forEach(ArrayList.java:1597)
at org.testng.TestRunner.privateRun(TestRunner.java:794)
at org.testng.TestRunner.run(TestRunner.java:596)
at org.testng.SuiteRunner.runTest(SuiteRunner.java:377)
at org.testng.SuiteRunner.runSequentially(SuiteRunner.java:371)
at org.testng.SuiteRunner.privateRun(SuiteRunner.java:332)
at org.testng.SuiteRunner.run(SuiteRunner.java:276)
at org.testng.SuiteRunnerWorker.runSuite(SuiteRunnerWorker.java:53)
at org.testng.SuiteRunnerWorker.run(SuiteRunnerWorker.java:96)
at org.testng.TestNG.runSuitesSequentially(TestNG.java:1212)
at org.testng.TestNG.runSuitesLocally(TestNG.java:1134)
at org.testng.TestNG.runSuites(TestNG.java:1063)
at org.testng.TestNG.run(TestNG.java:1031)
at org.testng.remote.AbstractRemoteTestNG.run(AbstractRemoteTestNG.java:115)
at org.testng.remote.RemoteTestNG.initAndRun(RemoteTestNG.java:293)
at org.testng.remote.RemoteTestNG.main(RemoteTestNG.java:91)
]]>
    </failure>
  </testcase> <!-- TestGoogle -->
  <system-out/>
</testsuite> <!-- testNG.Assertionspractice -->
